{"/Users/pascual.madrid/dev/meli-challenge/backend/actions/index.js": {"path":"/Users/pascual.madrid/dev/meli-challenge/backend/actions/index.js","statementMap":{"0":{"start":{"line":5,"column":4},"end":{"line":5,"column":21}},"1":{"start":{"line":7,"column":19},"end":{"line":7,"column":42}},"2":{"start":{"line":9,"column":0},"end":{"line":65,"column":1}},"3":{"start":{"line":11,"column":4},"end":{"line":35,"column":5}},"4":{"start":{"line":12,"column":45},"end":{"line":12,"column":76}},"5":{"start":{"line":13,"column":19},"end":{"line":31,"column":7}},"6":{"start":{"line":16,"column":28},"end":{"line":16,"column":45}},"7":{"start":{"line":17,"column":36},"end":{"line":17,"column":49}},"8":{"start":{"line":19,"column":38},"end":{"line":30,"column":9}},"9":{"start":{"line":32,"column":6},"end":{"line":32,"column":17}},"10":{"start":{"line":34,"column":6},"end":{"line":34,"column":32}},"11":{"start":{"line":39,"column":4},"end":{"line":63,"column":5}},"12":{"start":{"line":40,"column":19},"end":{"line":40,"column":40}},"13":{"start":{"line":41,"column":37},"end":{"line":41,"column":41}},"14":{"start":{"line":42,"column":29},"end":{"line":42,"column":61}},"15":{"start":{"line":43,"column":19},"end":{"line":59,"column":7}},"16":{"start":{"line":60,"column":6},"end":{"line":60,"column":17}},"17":{"start":{"line":62,"column":6},"end":{"line":62,"column":32}}},"fnMap":{"0":{"name":"(anonymous_0)","decl":{"start":{"line":10,"column":12},"end":{"line":10,"column":13}},"loc":{"start":{"line":10,"column":29},"end":{"line":36,"column":3}},"line":10},"1":{"name":"(anonymous_1)","decl":{"start":{"line":16,"column":16},"end":{"line":16,"column":17}},"loc":{"start":{"line":16,"column":28},"end":{"line":16,"column":45}},"line":16},"2":{"name":"(anonymous_2)","decl":{"start":{"line":17,"column":22},"end":{"line":17,"column":23}},"loc":{"start":{"line":17,"column":36},"end":{"line":17,"column":49}},"line":17},"3":{"name":"(anonymous_3)","decl":{"start":{"line":19,"column":27},"end":{"line":19,"column":28}},"loc":{"start":{"line":19,"column":38},"end":{"line":30,"column":9}},"line":19},"4":{"name":"(anonymous_4)","decl":{"start":{"line":38,"column":11},"end":{"line":38,"column":12}},"loc":{"start":{"line":38,"column":25},"end":{"line":64,"column":3}},"line":38}},"branchMap":{},"s":{"0":1,"1":1,"2":1,"3":1,"4":1,"5":1,"6":1,"7":12,"8":1,"9":1,"10":0,"11":1,"12":1,"13":1,"14":1,"15":1,"16":1,"17":0},"f":{"0":1,"1":1,"2":12,"3":1,"4":1},"b":{},"_coverageSchema":"1a1c01bbd47fc00a2c39e90264f33305004495a9","hash":"1929641c6dbd032e353058b8797e00aaea1464e7"}
,"/Users/pascual.madrid/dev/meli-challenge/backend/api/index.js": {"path":"/Users/pascual.madrid/dev/meli-challenge/backend/api/index.js","statementMap":{"0":{"start":{"line":1,"column":14},"end":{"line":1,"column":30}},"1":{"start":{"line":3,"column":25},"end":{"line":3,"column":48}},"2":{"start":{"line":5,"column":0},"end":{"line":35,"column":1}},"3":{"start":{"line":7,"column":4},"end":{"line":14,"column":8}},"4":{"start":{"line":10,"column":8},"end":{"line":10,"column":28}},"5":{"start":{"line":13,"column":8},"end":{"line":13,"column":19}},"6":{"start":{"line":17,"column":4},"end":{"line":24,"column":8}},"7":{"start":{"line":20,"column":8},"end":{"line":20,"column":28}},"8":{"start":{"line":23,"column":8},"end":{"line":23,"column":19}},"9":{"start":{"line":27,"column":4},"end":{"line":34,"column":8}},"10":{"start":{"line":30,"column":8},"end":{"line":30,"column":28}},"11":{"start":{"line":33,"column":8},"end":{"line":33,"column":19}}},"fnMap":{"0":{"name":"(anonymous_0)","decl":{"start":{"line":6,"column":22},"end":{"line":6,"column":23}},"loc":{"start":{"line":7,"column":4},"end":{"line":14,"column":8}},"line":7},"1":{"name":"(anonymous_1)","decl":{"start":{"line":9,"column":12},"end":{"line":9,"column":13}},"loc":{"start":{"line":9,"column":32},"end":{"line":11,"column":7}},"line":9},"2":{"name":"(anonymous_2)","decl":{"start":{"line":12,"column":13},"end":{"line":12,"column":14}},"loc":{"start":{"line":12,"column":30},"end":{"line":14,"column":7}},"line":12},"3":{"name":"(anonymous_3)","decl":{"start":{"line":16,"column":15},"end":{"line":16,"column":16}},"loc":{"start":{"line":17,"column":4},"end":{"line":24,"column":8}},"line":17},"4":{"name":"(anonymous_4)","decl":{"start":{"line":19,"column":12},"end":{"line":19,"column":13}},"loc":{"start":{"line":19,"column":32},"end":{"line":21,"column":7}},"line":19},"5":{"name":"(anonymous_5)","decl":{"start":{"line":22,"column":13},"end":{"line":22,"column":14}},"loc":{"start":{"line":22,"column":30},"end":{"line":24,"column":7}},"line":22},"6":{"name":"(anonymous_6)","decl":{"start":{"line":26,"column":26},"end":{"line":26,"column":27}},"loc":{"start":{"line":27,"column":4},"end":{"line":34,"column":8}},"line":27},"7":{"name":"(anonymous_7)","decl":{"start":{"line":29,"column":12},"end":{"line":29,"column":13}},"loc":{"start":{"line":29,"column":32},"end":{"line":31,"column":7}},"line":29},"8":{"name":"(anonymous_8)","decl":{"start":{"line":32,"column":13},"end":{"line":32,"column":14}},"loc":{"start":{"line":32,"column":30},"end":{"line":34,"column":7}},"line":32}},"branchMap":{},"s":{"0":2,"1":2,"2":2,"3":2,"4":2,"5":0,"6":2,"7":2,"8":0,"9":2,"10":2,"11":0},"f":{"0":2,"1":2,"2":0,"3":2,"4":2,"5":0,"6":2,"7":2,"8":0},"b":{},"_coverageSchema":"1a1c01bbd47fc00a2c39e90264f33305004495a9","hash":"c0dcde52b5da65957e3e08e11f1bad3c1d3bd5a6"}
,"/Users/pascual.madrid/dev/meli-challenge/backend/constants/index.js": {"path":"/Users/pascual.madrid/dev/meli-challenge/backend/constants/index.js","statementMap":{"0":{"start":{"line":1,"column":0},"end":{"line":7,"column":1}}},"fnMap":{},"branchMap":{},"s":{"0":2},"f":{},"b":{},"_coverageSchema":"1a1c01bbd47fc00a2c39e90264f33305004495a9","hash":"4265dcd6f8e1d8ea3abc619e08bfb15234ebcabd"}
}
