TN:
SF:actions/index.js
FN:10,(anonymous_0)
FN:16,(anonymous_1)
FN:17,(anonymous_2)
FN:19,(anonymous_3)
FN:38,(anonymous_4)
FNF:5
FNH:5
FNDA:1,(anonymous_0)
FNDA:1,(anonymous_1)
FNDA:12,(anonymous_2)
FNDA:1,(anonymous_3)
FNDA:1,(anonymous_4)
DA:5,1
DA:7,1
DA:9,1
DA:11,1
DA:12,1
DA:13,1
DA:16,1
DA:17,12
DA:19,1
DA:32,1
DA:34,0
DA:39,1
DA:40,1
DA:41,1
DA:42,1
DA:43,1
DA:60,1
DA:62,0
LF:18
LH:16
BRF:0
BRH:0
end_of_record
TN:
SF:api/index.js
FN:6,(anonymous_0)
FN:9,(anonymous_1)
FN:12,(anonymous_2)
FN:16,(anonymous_3)
FN:19,(anonymous_4)
FN:22,(anonymous_5)
FN:26,(anonymous_6)
FN:29,(anonymous_7)
FN:32,(anonymous_8)
FNF:9
FNH:6
FNDA:2,(anonymous_0)
FNDA:2,(anonymous_1)
FNDA:0,(anonymous_2)
FNDA:2,(anonymous_3)
FNDA:2,(anonymous_4)
FNDA:0,(anonymous_5)
FNDA:2,(anonymous_6)
FNDA:2,(anonymous_7)
FNDA:0,(anonymous_8)
DA:1,2
DA:3,2
DA:5,2
DA:7,2
DA:10,2
DA:13,0
DA:17,2
DA:20,2
DA:23,0
DA:27,2
DA:30,2
DA:33,0
LF:12
LH:9
BRF:0
BRH:0
end_of_record
TN:
SF:constants/index.js
FNF:0
FNH:0
DA:1,2
LF:1
LH:1
BRF:0
BRH:0
end_of_record
